<?xml version="1.0" encoding="UTF-8"?>
<testng-results ignored="0" total="2" passed="2" failed="0" skipped="0">
  <reporter-output>
  </reporter-output>
  <suite started-at="2025-07-04T10:42:20 EEST" name="Surefire suite" finished-at="2025-07-04T10:42:21 EEST" duration-ms="1857">
    <groups>
    </groups>
    <test started-at="2025-07-04T10:42:20 EEST" name="Surefire test" finished-at="2025-07-04T10:42:21 EEST" duration-ms="1857">
      <class name="org.LoginTest">
        <test-method is-config="true" signature="setUp()[pri:0, instance:org.LoginTest@16eccb2e]" started-at="2025-07-04T10:42:20 EEST" name="setUp" finished-at="2025-07-04T10:42:20 EEST" duration-ms="393" status="PASS">
          <reporter-output>
          </reporter-output>
        </test-method> <!-- setUp -->
        <test-method is-config="true" signature="goToURL()[pri:0, instance:org.LoginTest@16eccb2e]" started-at="2025-07-04T10:42:20 EEST" name="goToURL" finished-at="2025-07-04T10:42:20 EEST" duration-ms="254" status="PASS">
          <reporter-output>
          </reporter-output>
        </test-method> <!-- goToURL -->
        <test-method signature="loginFailed()[pri:0, instance:org.LoginTest@16eccb2e]" started-at="2025-07-04T10:42:20 EEST" name="loginFailed" finished-at="2025-07-04T10:42:21 EEST" duration-ms="921" status="PASS">
          <reporter-output>
          </reporter-output>
        </test-method> <!-- loginFailed -->
        <test-method is-config="true" signature="goToURL()[pri:0, instance:org.LoginTest@16eccb2e]" started-at="2025-07-04T10:42:21 EEST" name="goToURL" finished-at="2025-07-04T10:42:21 EEST" duration-ms="25" status="PASS">
          <reporter-output>
          </reporter-output>
        </test-method> <!-- goToURL -->
        <test-method signature="loginSuccessfully()[pri:0, instance:org.LoginTest@16eccb2e]" started-at="2025-07-04T10:42:21 EEST" name="loginSuccessfully" finished-at="2025-07-04T10:42:21 EEST" duration-ms="107" status="PASS">
          <reporter-output>
          </reporter-output>
        </test-method> <!-- loginSuccessfully -->
        <test-method is-config="true" signature="teardown()[pri:0, instance:org.LoginTest@16eccb2e]" started-at="2025-07-04T10:42:21 EEST" name="teardown" finished-at="2025-07-04T10:42:21 EEST" duration-ms="135" status="PASS">
          <reporter-output>
          </reporter-output>
        </test-method> <!-- teardown -->
      </class> <!-- org.LoginTest -->
    </test> <!-- Surefire test -->
  </suite> <!-- Surefire suite -->
</testng-results>
