<?xml version="1.0" encoding="UTF-8"?>
<!-- Generated by org.testng.reporters.JUnitXMLReporter -->
<testsuite ignored="1" hostname="E1410930" failures="1" tests="1" name="Surefire test" time="1.396" errors="0" timestamp="2025-07-04T19:21:36 EEST">
  <testcase classname="org.example.LoginTest" name="loginSuccessfully" time="0.001">
    <failure type="java.lang.NullPointerException" message="Cannot invoke &amp;quot;org.LoginPage.setUsername(String)&amp;quot; because &amp;quot;this.loginpage&amp;quot; is null">
      <![CDATA[java.lang.NullPointerException: Cannot invoke "org.LoginPage.setUsername(String)" because "this.loginpage" is null
at org.example.LoginTest.loginSuccessfully(LoginTest.java:9)
at java.base/java.util.ArrayList.forEach(ArrayList.java:1604)
... Removed 30 stack frames]]>
    </failure>
  </testcase> <!-- loginSuccessfully -->
  <testcase classname="org.example.BaseTest" name="@BeforeTest intalizationOfDriver" time="0.0">
    <ignored/>
  </testcase> <!-- @BeforeTest intalizationOfDriver -->
</testsuite> <!-- Surefire test -->
